<?xml version="1.0" encoding="UTF-8"?>
<testsuite xmlns:xsi="http://www.w3.org/2001/XMLSchema-instance" xsi:noNamespaceSchemaLocation="https://maven.apache.org/surefire/maven-surefire-plugin/xsd/surefire-test-report-3.0.xsd" version="3.0" name="TestSuite" time="10.68" tests="23" errors="0" skipped="0" failures="11">
  <properties>
[...]
</properties>
  <testcase name="checkContentType" classname="com.employee.testCases.TC002_Get_Single_Employee_Data" time="0.009">
    <system-out><![CDATA[*********** Started TC003_Post_Employee_Record *********
***********Started TC001_Get_All_Employees*********
*********** Started TC005_Delete_Employee_Record *********
*********** Started TC002_Get_Single_Employee Data *********
*********** Started TC004_Put_Employee_Record *********
]]></system-out>
    <system-err><![CDATA[log4j:ERROR Could not find value for key log4j.appender.CONSOLE
log4j:ERROR Could not instantiate appender named "CONSOLE".
log4j:ERROR Could not find value for key log4j.appender.CONSOLE
log4j:ERROR Could not instantiate appender named "CONSOLE".
log4j:ERROR Could not find value for key log4j.appender.CONSOLE
log4j:ERROR Could not instantiate appender named "CONSOLE".
log4j:ERROR Could not find value for key log4j.appender.CONSOLE
log4j:ERROR Could not instantiate appender named "CONSOLE".
log4j:ERROR Could not find value for key log4j.appender.CONSOLE
log4j:ERROR Could not instantiate appender named "CONSOLE".
SLF4J: Failed to load class "org.slf4j.impl.StaticLoggerBinder".
SLF4J: Defaulting to no-operation (NOP) logger implementation
SLF4J: See http://www.slf4j.org/codes.html#StaticLoggerBinder for further details.
]]></system-err>
  </testcase>
  <testcase name="checkResponseBody" classname="com.employee.testCases.TC002_Get_Single_Employee_Data" time="0.008">
    <system-out><![CDATA[****** Checking Response Body *****
]]></system-out>
  </testcase>
  <testcase name="checkResponseTime" classname="com.employee.testCases.TC002_Get_Single_Employee_Data" time="0.001">
    <system-out><![CDATA[*** Checking Response Time ***
Response Time==>1875
]]></system-out>
  </testcase>
  <testcase name="checkStatusCode" classname="com.employee.testCases.TC002_Get_Single_Employee_Data" time="0">
    <system-out><![CDATA[*** Checking Status Code ***
Status Code==>200
]]></system-out>
  </testcase>
  <testcase name="checkstatusLine" classname="com.employee.testCases.TC002_Get_Single_Employee_Data" time="0.001">
    <system-out><![CDATA[*** Check status line ***
Status Line is ==>HTTP/1.1 200 OK
]]></system-out>
  </testcase>
  <testcase name="checkResponseBody" classname="com.employee.testCases.TC001_Get_All_Employees" time="0.012">
    <system-out><![CDATA[*** Test Case End ***
****** Checking Response Body *****
Response Body==>{"status":"success","data":[{"id":"1","employee_name":"Tiger Nixon","employee_salary":"320800","employee_age":"61","profile_image":""},{"id":"2","employee_name":"Garrett Winters","employee_salary":"170750","employee_age":"63","profile_image":""},{"id":"3","employee_name":"Ashton Cox","employee_salary":"86000","employee_age":"66","profile_image":""},{"id":"4","employee_name":"Cedric Kelly","employee_salary":"433060","employee_age":"22","profile_image":""},{"id":"5","employee_name":"Airi Satou","employee_salary":"162700","employee_age":"33","profile_image":""},{"id":"6","employee_name":"Brielle Williamson","employee_salary":"372000","employee_age":"61","profile_image":""},{"id":"7","employee_name":"Herrod Chandler","employee_salary":"137500","employee_age":"59","profile_image":""},{"id":"8","employee_name":"Rhona Davidson","employee_salary":"327900","employee_age":"55","profile_image":""},{"id":"9","employee_name":"Colleen Hurst","employee_salary":"205500","employee_age":"39","profile_image":""},{"id":"10","employee_name":"Sonya Frost","employee_salary":"103600","employee_age":"23","profile_image":""},{"id":"11","employee_name":"Jena Gaines","employee_salary":"90560","employee_age":"30","profile_image":""},{"id":"12","employee_name":"Quinn Flynn","employee_salary":"342000","employee_age":"22","profile_image":""},{"id":"13","employee_name":"Charde Marshall","employee_salary":"470600","employee_age":"36","profile_image":""},{"id":"14","employee_name":"Haley Kennedy","employee_salary":"313500","employee_age":"43","profile_image":""},{"id":"15","employee_name":"Tatyana Fitzpatrick","employee_salary":"385750","employee_age":"19","profile_image":""},{"id":"16","employee_name":"Michael Silva","employee_salary":"198500","employee_age":"66","profile_image":""},{"id":"17","employee_name":"Paul Byrd","employee_salary":"725000","employee_age":"64","profile_image":""},{"id":"18","employee_name":"Gloria Little","employee_salary":"237500","employee_age":"59","profile_image":""},{"id":"19","employee_name":"Bradley Greer","employee_salary":"132000","employee_age":"41","profile_image":""},{"id":"20","employee_name":"Dai Rios","employee_salary":"217500","employee_age":"35","profile_image":""},{"id":"21","employee_name":"Jenette Caldwell","employee_salary":"345000","employee_age":"30","profile_image":""},{"id":"22","employee_name":"Yuri Berry","employee_salary":"675000","employee_age":"40","profile_image":""},{"id":"23","employee_name":"Caesar Vance","employee_salary":"106450","employee_age":"21","profile_image":""},{"id":"24","employee_name":"Doris Wilder","employee_salary":"85600","employee_age":"23","profile_image":""}]}
]]></system-out>
  </testcase>
  <testcase name="checkResponseTime" classname="com.employee.testCases.TC001_Get_All_Employees" time="0.002">
    <system-out><![CDATA[*** Checking Response Time ***
Response Time==>2157
]]></system-out>
  </testcase>
  <testcase name="checkStatusCode" classname="com.employee.testCases.TC001_Get_All_Employees" time="0.002">
    <system-out><![CDATA[*** Checking Status Code ***
Status Code==>200
]]></system-out>
  </testcase>
  <testcase name="checkstatusLine" classname="com.employee.testCases.TC001_Get_All_Employees" time="0.002">
    <system-out><![CDATA[*** Check status line ***
Status Line is ==>HTTP/1.1 200 OK
]]></system-out>
  </testcase>
  <testcase name="checkContentType" classname="com.employee.testCases.TC004_Put_Employee_Record" time="0.014">
    <failure message="Cannot invoke method getValue() on null object" type="java.lang.NullPointerException"><![CDATA[java.lang.NullPointerException: Cannot invoke method getValue() on null object
	at com.employee.testCases.TC004_Put_Employee_Record.checkContentType(TC004_Put_Employee_Record.java:93)
]]></failure>
    <system-out><![CDATA[*** Test Case End ***
]]></system-out>
  </testcase>
  <testcase name="checkResponseBody" classname="com.employee.testCases.TC004_Put_Employee_Record" time="0.002">
    <failure message="expected [true] but found [false]" type="java.lang.AssertionError"><![CDATA[java.lang.AssertionError: expected [true] but found [false]
	at com.employee.testCases.TC004_Put_Employee_Record.checkResponseBody(TC004_Put_Employee_Record.java:51)
]]></failure>
    <system-out><![CDATA[****** Checking Response Body *****
]]></system-out>
  </testcase>
  <testcase name="checkResponseTime" classname="com.employee.testCases.TC004_Put_Employee_Record" time="0.002">
    <system-out><![CDATA[*** Checking Response Time ***
Response Time==>1028
]]></system-out>
  </testcase>
  <testcase name="checkStatusCode" classname="com.employee.testCases.TC004_Put_Employee_Record" time="0.002">
    <failure message="expected [200] but found [-1]" type="java.lang.AssertionError"><![CDATA[java.lang.AssertionError: expected [200] but found [-1]
	at com.employee.testCases.TC004_Put_Employee_Record.checkStatusCode(TC004_Put_Employee_Record.java:64)
]]></failure>
    <system-out><![CDATA[*** Checking Status Code ***
Status Code==>-1
]]></system-out>
  </testcase>
  <testcase name="checkstatusLine" classname="com.employee.testCases.TC004_Put_Employee_Record" time="0.002">
    <failure message="expected [HTTP/1.1 200 OK] but found [null]" type="java.lang.AssertionError"><![CDATA[java.lang.AssertionError: expected [HTTP/1.1 200 OK] but found [null]
	at com.employee.testCases.TC004_Put_Employee_Record.checkstatusLine(TC004_Put_Employee_Record.java:86)
]]></failure>
    <system-out><![CDATA[*** Check status line ***
Status Line is ==>null
]]></system-out>
  </testcase>
  <testcase name="checkContentType" classname="com.employee.testCases.TC005_Delete_Employee_Record" time="0.002">
    <failure message="Cannot invoke method getValue() on null object" type="java.lang.NullPointerException"><![CDATA[java.lang.NullPointerException: Cannot invoke method getValue() on null object
	at com.employee.testCases.TC005_Delete_Employee_Record.checkContentType(TC005_Delete_Employee_Record.java:71)
]]></failure>
    <system-out><![CDATA[*** Test Case End ***
]]></system-out>
  </testcase>
  <testcase name="checkResponseTime" classname="com.employee.testCases.TC005_Delete_Employee_Record" time="0.002">
    <system-out><![CDATA[*** Checking Response Time ***
Response Time==>1028
]]></system-out>
  </testcase>
  <testcase name="checkStatusCode" classname="com.employee.testCases.TC005_Delete_Employee_Record" time="0.003">
    <failure message="expected [200] but found [-1]" type="java.lang.AssertionError"><![CDATA[java.lang.AssertionError: expected [200] but found [-1]
	at com.employee.testCases.TC005_Delete_Employee_Record.checkStatusCode(TC005_Delete_Employee_Record.java:42)
]]></failure>
    <system-out><![CDATA[*** Checking Status Code ***
Status Code==>-1
]]></system-out>
  </testcase>
  <testcase name="checkstatusLine" classname="com.employee.testCases.TC005_Delete_Employee_Record" time="0.002">
    <failure message="expected [HTTP/1.1 200 OK] but found [null]" type="java.lang.AssertionError"><![CDATA[java.lang.AssertionError: expected [HTTP/1.1 200 OK] but found [null]
	at com.employee.testCases.TC005_Delete_Employee_Record.checkstatusLine(TC005_Delete_Employee_Record.java:64)
]]></failure>
    <system-out><![CDATA[*** Check status line ***
Status Line is ==>null
]]></system-out>
  </testcase>
  <testcase name="checkContentType" classname="com.employee.testCases.TC003_Post_Employee_Record" time="0.001">
    <failure message="Cannot invoke method getValue() on null object" type="java.lang.NullPointerException"><![CDATA[java.lang.NullPointerException: Cannot invoke method getValue() on null object
	at com.employee.testCases.TC003_Post_Employee_Record.checkContentType(TC003_Post_Employee_Record.java:93)
]]></failure>
    <system-out><![CDATA[*** Test Case End ***
]]></system-out>
  </testcase>
  <testcase name="checkResponseBody" classname="com.employee.testCases.TC003_Post_Employee_Record" time="0.002">
    <failure message="expected [true] but found [false]" type="java.lang.AssertionError"><![CDATA[java.lang.AssertionError: expected [true] but found [false]
	at com.employee.testCases.TC003_Post_Employee_Record.checkResponseBody(TC003_Post_Employee_Record.java:51)
]]></failure>
    <system-out><![CDATA[****** Checking Response Body *****
]]></system-out>
  </testcase>
  <testcase name="checkResponseTime" classname="com.employee.testCases.TC003_Post_Employee_Record" time="0.002">
    <system-out><![CDATA[*** Checking Response Time ***
Response Time==>1028
]]></system-out>
  </testcase>
  <testcase name="checkStatusCode" classname="com.employee.testCases.TC003_Post_Employee_Record" time="0.003">
    <failure message="expected [200] but found [-1]" type="java.lang.AssertionError"><![CDATA[java.lang.AssertionError: expected [200] but found [-1]
	at com.employee.testCases.TC003_Post_Employee_Record.checkStatusCode(TC003_Post_Employee_Record.java:64)
]]></failure>
    <system-out><![CDATA[*** Checking Status Code ***
Status Code==>-1
]]></system-out>
  </testcase>
  <testcase name="checkstatusLine" classname="com.employee.testCases.TC003_Post_Employee_Record" time="0.003">
    <failure message="expected [HTTP/1.1 200 OK] but found [null]" type="java.lang.AssertionError"><![CDATA[java.lang.AssertionError: expected [HTTP/1.1 200 OK] but found [null]
	at com.employee.testCases.TC003_Post_Employee_Record.checkstatusLine(TC003_Post_Employee_Record.java:86)
]]></failure>
    <system-out><![CDATA[*** Check status line ***
Status Line is ==>null
]]></system-out>
  </testcase>
</testsuite>